[18:45:25] [main/INFO]: Loading Minecraft 1.21.5 with Fabric Loader 0.16.14
[18:45:25] [main/INFO]: Loading 80 mods:
	- alternate-current 1.9.0
	- c2me 0.3.2.0.0+1.21.5
	   |-- c2me-base 0.3.2.0.0+1.21.5
	   |-- c2me-client-uncapvd 0.3.2.0.0+1.21.5
	   |-- c2me-fixes-chunkio-threading-issues 0.3.2.0.0+1.21.5
	   |-- c2me-fixes-general-threading-issues 0.3.2.0.0+1.21.5
	   |-- c2me-fixes-worldgen-threading-issues 0.3.2.0.0+1.21.5
	   |-- c2me-fixes-worldgen-vanilla-bugs 0.3.2.0.0+1.21.5
	   |-- c2me-notickvd 0.3.2.0.0+1.21.5
	   |-- c2me-opts-allocs 0.3.2.0.0+1.21.5
	   |-- c2me-opts-chunkio 0.3.2.0.0+1.21.5
	   |-- c2me-opts-dfc 0.3.2.0.0+1.21.5
	   |-- c2me-opts-math 0.3.2.0.0+1.21.5
	   |-- c2me-opts-natives-math 0.3.2.0.0+1.21.5
	   |-- c2me-opts-scheduling 0.3.2.0.0+1.21.5
	   |-- c2me-opts-worldgen-general 0.3.2.0.0+1.21.5
	   |-- c2me-opts-worldgen-vanilla 0.3.2.0.0+1.21.5
	   |-- c2me-rewrites-chunk-serializer 0.3.2.0.0+1.21.5
	   |-- c2me-rewrites-chunk-system 0.3.2.0.0+1.21.5
	   |-- c2me-rewrites-chunkio 0.3.2.0.0+1.21.5
	   |-- c2me-server-utils 0.3.2.0.0+1.21.5
	   |-- c2me-threading-lighting 0.3.2.0.0+1.21.5
	   |-- com_electronwill_night-config_core 3.6.5
	   |-- com_electronwill_night-config_toml 3.6.5
	   |-- com_ibm_async_asyncutil 0.1.0
	   |-- io_reactivex_rxjava3_rxjava 3.1.8
	   |-- mixinsquared 0.2.0-beta.6
	   |-- net_objecthunter_exp4j 0.4.8
	   |-- org_jctools_jctools-core 4.0.5
	   \-- org_reactivestreams_reactive-streams 1.0.4
	- fabric-api 0.121.0+1.21.5
	   |-- fabric-api-base 0.4.62+73a52b4b49
	   |-- fabric-api-lookup-api-v1 1.6.95+86c3a9f149
	   |-- fabric-biome-api-v1 16.0.7+2dd063df49
	   |-- fabric-block-api-v1 1.0.37+86c3a9f149
	   |-- fabric-block-view-api-v2 1.0.26+aa6d566c49
	   |-- fabric-blockrenderlayer-v1 2.0.16+86c3a9f149
	   |-- fabric-client-tags-api-v1 1.1.37+86c3a9f149
	   |-- fabric-command-api-v1 1.2.70+f71b366f49
	   |-- fabric-command-api-v2 2.2.49+73a52b4b49
	   |-- fabric-commands-v0 0.2.87+df3654b349
	   |-- fabric-content-registries-v0 10.0.12+3e6c1f7d49
	   |-- fabric-convention-tags-v1 2.1.29+7f945d5b49
	   |-- fabric-convention-tags-v2 2.14.3+fca633a049
	   |-- fabric-crash-report-info-v1 0.3.12+86c3a9f149
	   |-- fabric-data-attachment-api-v1 1.7.0+9c0dd47249
	   |-- fabric-data-generation-api-v1 22.3.4+fd2b524049
	   |-- fabric-dimensions-v1 4.0.17+3e6c1f7d49
	   |-- fabric-entity-events-v1 2.0.25+27c1078f49
	   |-- fabric-events-interaction-v0 4.0.13+73a52b4b49
	   |-- fabric-game-rule-api-v1 1.0.70+c327076a49
	   |-- fabric-item-api-v1 11.3.2+2ccdb6ef49
	   |-- fabric-item-group-api-v1 4.2.8+3459fc6149
	   |-- fabric-key-binding-api-v1 1.0.63+ecf51cdc49
	   |-- fabric-keybindings-v0 0.2.61+df3654b349
	   |-- fabric-lifecycle-events-v1 2.5.13+5cbce67349
	   |-- fabric-loot-api-v2 3.0.47+3f89f5a549
	   |-- fabric-loot-api-v3 1.0.35+86c3a9f149
	   |-- fabric-message-api-v1 6.0.33+86c3a9f149
	   |-- fabric-model-loading-api-v1 5.2.0+c982b95149
	   |-- fabric-networking-api-v1 4.4.0+f3ffa98949
	   |-- fabric-object-builder-api-v1 21.0.0+7b20cbb049
	   |-- fabric-particles-v1 4.1.1+112e550e49
	   |-- fabric-recipe-api-v1 8.1.6+052a85d049
	   |-- fabric-registry-sync-v0 6.1.20+b556383249
	   |-- fabric-renderer-api-v1 6.0.2+c982b95149
	   |-- fabric-renderer-indigo 3.0.3+3e6c1f7d49
	   |-- fabric-rendering-data-attachment-v1 0.3.64+73761d2e49
	   |-- fabric-rendering-fluids-v1 3.1.27+86c3a9f149
	   |-- fabric-rendering-v1 11.1.11+081cc04349
	   |-- fabric-resource-conditions-api-v1 5.0.21+73a52b4b49
	   |-- fabric-resource-loader-v0 3.1.6+02ca679649
	   |-- fabric-screen-api-v1 2.0.46+86c3a9f149
	   |-- fabric-screen-handler-api-v1 1.3.127+c327076a49
	   |-- fabric-sound-api-v1 1.0.38+86c3a9f149
	   |-- fabric-tag-api-v1 1.0.16+ecf51cdc49
	   |-- fabric-transfer-api-v1 5.4.23+7b20cbb049
	   \-- fabric-transitive-access-wideners-v1 6.3.17+f17a180c49
	- fabricloader 0.16.14
	   \-- mixinextras 0.4.1
	- ferritecore 8.0.0
	- java 23
	- krypton 0.2.9
	   \-- com_velocitypowered_velocity-native 3.4.0-SNAPSHOT
	- lithium 0.16.2+mc1.21.5
	- minecraft 1.21.5
	- nochatreports 1.21.5-v2.12.0
	- scalablelux 0.1.3+beta.1+fabric.4039a8d
	- spark 1.10.128
	   \-- fabric-permissions-api-v0 0.3.3
	- vmp 0.2.0+beta.7.198+1.21.5
	   \-- com_ibm_async_asyncutil 0.1.0
[18:45:26] [main/INFO]: SpongePowered MIXIN Subsystem Version=0.8.7 Source=file:/home/lionel/Documents/MinecraftServer/libraries/net/fabricmc/sponge-mixin/0.15.5+mixin.0.8.7/sponge-mixin-0.15.5+mixin.0.8.7.jar Service=Knot/Fabric Env=SERVER
[18:45:26] [main/INFO]: Compatibility level set to JAVA_16
[18:45:26] [main/INFO]: Compatibility level set to JAVA_21
[18:45:26] [main/INFO]: Initializing com.ishland.c2me.base.mixin
[18:45:26] [main/INFO]: Global Executor Parallelism: 4 configured, 4 evaluated, 4 default evaluated
[18:45:26] [main/INFO]: Initializing com.ishland.c2me.fixes.chunkio.threading_issues.mixin
[18:45:26] [main/INFO]: Initializing com.ishland.c2me.fixes.general.threading_issues.mixin
[18:45:26] [main/INFO]: Initializing com.ishland.c2me.fixes.worldgen.threading_issues.mixin
[18:45:26] [main/INFO]: Initializing com.ishland.c2me.fixes.worldgen.vanilla_bugs.mixin
[18:45:26] [main/INFO]: Initializing com.ishland.c2me.notickvd.mixin
[18:45:26] [main/INFO]: Initializing com.ishland.c2me.opts.allocs.mixin
[18:45:26] [main/INFO]: Initializing com.ishland.c2me.opts.chunkio.mixin
[18:45:26] [main/INFO]: Initializing com.ishland.c2me.opts.dfc.mixin
[18:45:26] [main/INFO]: Initializing com.ishland.c2me.opts.math.mixin
[18:45:26] [main/INFO]: Initializing com.ishland.c2me.opts.natives_math.mixin
[18:45:26] [main/INFO]: Attempting to call native library. If your game crashes right after this point, native acceleration may not be available for your system.
[18:45:26] [main/INFO]: Detected maximum supported ISA target: AVX2
[18:45:26] [main/INFO]: Initializing com.ishland.c2me.opts.scheduling.mixin
[18:45:26] [main/INFO]: Initializing com.ishland.c2me.opts.worldgen.general.mixin
[18:45:26] [main/INFO]: Initializing com.ishland.c2me.opts.worldgen.vanilla.mixin
[18:45:26] [main/INFO]: Initializing com.ishland.c2me.rewrites.chunk_serializer.mixin
[18:45:26] [main/INFO]: Disabling com.ishland.c2me.rewrites.chunk_serializer.mixin
[18:45:26] [main/INFO]: Initializing com.ishland.c2me.rewrites.chunksystem.mixin
[18:45:26] [main/INFO]: Initializing com.ishland.c2me.rewrites.chunkio.mixin
[18:45:26] [main/INFO]: Initializing com.ishland.c2me.server.utils.mixin
[18:45:26] [main/INFO]: Initializing com.ishland.c2me.threading.lighting.mixin
[18:45:26] [main/WARN]: Mod 'ferritecore' attempted to override option 'mixin.alloc.blockstate', which doesn't exist, ignoring
[18:45:26] [main/INFO]: Loaded configuration file for Lithium: 155 options available, 0 override(s) found.
[18:45:26] [main/INFO]: Successfully started async appender with [SysOut, ServerGuiConsole, Tracy, File]
[18:45:27] [main/INFO]: Initializing MixinExtras via com.llamalad7.mixinextras.service.MixinExtrasServiceImpl(version=0.4.1).
[18:45:33] [main/INFO]: Compression will use libdeflate (Linux x86_64), encryption will use OpenSSL 3.x.x (Linux x86_64)
[18:45:33] [main/INFO]: Krypton is now accelerating your Minecraft server's networking stack 🚀
[18:45:33] [main/INFO]: Environment: Environment[sessionHost=https://sessionserver.mojang.com, servicesHost=https://api.minecraftservices.com, name=PROD]
[18:45:35] [main/INFO]: Loaded 1373 recipes
[18:45:35] [main/INFO]: Loaded 1484 advancements
[18:45:36] [main/INFO]: Applied 0 biome modifications to 0 of 65 new biomes in 1.304 ms
[18:45:37] [Server thread/INFO]: Starting background profiler...
[18:45:37] [Server thread/INFO]: Starting minecraft server version 1.21.5
[18:45:37] [Server thread/INFO]: Loading properties
[18:45:37] [Server thread/INFO]: Default game type: SURVIVAL
[18:45:37] [Server thread/INFO]: Generating keypair
[18:45:37] [Server thread/INFO]: Starting Minecraft server on *:25565
[18:45:37] [Server thread/INFO]: Using epoll channel type
[18:45:37] [Server thread/WARN]: **** SERVER IS RUNNING IN OFFLINE/INSECURE MODE!
[18:45:37] [Server thread/WARN]: The server will make no attempt to authenticate usernames. Beware.
[18:45:37] [Server thread/WARN]: While this makes the game possible to play without internet access, it also opens up the ability for hackers to connect with any username they choose.
[18:45:37] [Server thread/WARN]: To change this, set "online-mode" to "true" in the server.properties file.
[18:45:37] [Server thread/INFO]: Preparing level "world"
[18:45:37] [Server thread/INFO]: Enforcing safe world random access
[18:45:38] [Server thread/INFO]: [STDOUT]: Density function compilation finished in 376.5 ms
[18:45:38] [Server thread/INFO]: Changing watch distance to 16
[18:45:38] [Server thread/INFO]: Using TheSpeedyObjectFactory with Unsafe
[18:45:39] [Server thread/INFO]: [STDOUT]: Density function compilation finished in 8.431 ms
[18:45:39] [Server thread/INFO]: Changing watch distance to 16
[18:45:39] [Server thread/INFO]: [STDOUT]: Density function compilation finished in 13.31 ms
[18:45:39] [Server thread/INFO]: Changing watch distance to 16
[18:45:39] [Server thread/INFO]: Preparing start region for dimension minecraft:overworld
[18:45:40] [Server thread/INFO]: [STDOUT]: [ScalableLux] Lighting scaling is enabled in externally managed mode
[18:45:40] [c2me-worker-2/INFO]: Preparing spawn area: 0%
[18:45:40] [c2me-worker-1/INFO]: Preparing spawn area: 0%
[18:45:41] [c2me-worker-2/INFO]: Preparing spawn area: 16%
[18:45:41] [c2me-worker-0/INFO]: Preparing spawn area: 63%
[18:45:42] [c2me-worker-1/INFO]: Preparing spawn area: 100%
[18:45:42] [Server thread/INFO]: Time elapsed: 2343 ms
[18:45:42] [Server thread/INFO]: Done (4.422s)! For help, type "help"
[18:46:42] [Server thread/INFO]: Server empty for 60 seconds, pausing
[18:56:27] [Server thread/INFO]: FlimFlamSlammer[/127.0.0.1:59954] logged in with entity id 10 at (3965.7811723937757, 77.0, 8169.611838451102)
[18:56:27] [Server thread/INFO]: FlimFlamSlammer joined the game
[20:13:49] [Server thread/INFO]: DarkeryTheWawa[/127.0.0.1:47776] logged in with entity id 14727 at (215.37499227982596, 65.0, 36.81682064965383)
[20:13:49] [Server thread/INFO]: DarkeryTheWawa joined the game
[20:36:57] [Server thread/INFO]: FlimFlamSlammer lost connection: Disconnected
[20:36:57] [Server thread/INFO]: FlimFlamSlammer left the game
[20:36:59] [Server thread/INFO]: FlimFlamSlammer[/127.0.0.1:35368] logged in with entity id 27665 at (512.1532475638379, 125.5625, 1044.0213716001624)
[20:36:59] [Server thread/INFO]: FlimFlamSlammer joined the game
[20:37:07] [Server thread/INFO]: FlimFlamSlammer lost connection: Disconnected
[20:37:07] [Server thread/INFO]: FlimFlamSlammer left the game
[20:37:09] [Server thread/INFO]: FlimFlamSlammer[/127.0.0.1:42808] logged in with entity id 28062 at (512.1532475638379, 125.5625, 1044.0213716001624)
[20:37:09] [Server thread/INFO]: FlimFlamSlammer joined the game
[20:37:13] [Server thread/INFO]: FlimFlamSlammer lost connection: Disconnected
[20:37:13] [Server thread/INFO]: FlimFlamSlammer left the game
[20:37:15] [Server thread/INFO]: FlimFlamSlammer[/127.0.0.1:44402] logged in with entity id 28410 at (512.1532475638379, 125.5625, 1044.0213716001624)
[20:37:15] [Server thread/INFO]: FlimFlamSlammer joined the game
[20:39:55] [Server thread/INFO]: DarkeryTheWawa fell from a high place
[20:44:05] [Server thread/WARN]: DarkeryTheWawa moved too quickly! 10.006915242739012,-1.055462434525026,0.8333433022180543
[20:44:05] [Server thread/WARN]: Can't keep up! Is the server overloaded? Running 4462ms or 89 ticks behind
[20:44:57] [Server thread/INFO]: DarkeryTheWawa was shot by Skeleton
[20:45:11] [Server thread/INFO]: FlimFlamSlammer drowned
[20:45:32] [Server thread/INFO]: DarkeryTheWawa was shot by Skeleton
[20:45:41] [Server thread/INFO]: DarkeryTheWawa was shot by Skeleton
[20:45:50] [Server thread/INFO]: DarkeryTheWawa was shot by Skeleton
[20:46:57] [Server thread/INFO]: FlimFlamSlammer fell from a high place
[20:47:19] [Server thread/INFO]: DarkeryTheWawa drowned
[20:47:56] [Server thread/INFO]: DarkeryTheWawa drowned
[20:48:11] [Server thread/INFO]: FlimFlamSlammer lost connection: Disconnected
[20:48:11] [Server thread/INFO]: FlimFlamSlammer left the game
[20:51:23] [Server thread/INFO]: DarkeryTheWawa was shot by Skeleton
[20:52:54] [Server thread/INFO]: DarkeryTheWawa was blown up by Creeper
[20:54:31] [Server thread/INFO]: DarkeryTheWawa was blown up by Creeper
[20:55:12] [Server thread/INFO]: FlimFlamSlammer[/127.0.0.1:45446] logged in with entity id 42015 at (3954.3713695156794, 100.0, 8166.332997922087)
[20:55:12] [Server thread/INFO]: FlimFlamSlammer joined the game
[20:58:12] [Server thread/INFO]: FlimFlamSlammer was shot by Skeleton
[20:58:30] [Server thread/INFO]: FlimFlamSlammer lost connection: Disconnected
[20:58:30] [Server thread/INFO]: FlimFlamSlammer left the game
[21:00:09] [Server thread/INFO]: FlimFlamSlammer[/127.0.0.1:60222] logged in with entity id 44620 at (3964.4750377801192, 79.0, 8175.699999988079)
[21:00:09] [Server thread/INFO]: FlimFlamSlammer joined the game
[21:00:31] [Server thread/INFO]: banggivealokbang[/127.0.0.1:41362] logged in with entity id 44981 at (-95.53493599517795, 15.0, 1204.7243089529359)
[21:00:31] [Server thread/INFO]: banggivealokbang joined the game
[21:00:46] [Server thread/INFO]: banggivealokbang lost connection: Disconnected
[21:00:46] [Server thread/INFO]: banggivealokbang left the game
[21:02:06] [Server thread/INFO]: com.mojang.authlib.GameProfile@13619d04[id=f5e49744-d3d4-3a10-ab33-1007cf88013a,name=banggivealokbang,properties={}] lost connection: Disconnected
[21:03:09] [Server thread/INFO]: banggivealokbang[/127.0.0.1:53334] logged in with entity id 47139 at (-103.47633780477598, 15.0, 1198.2240131759947)
[21:03:09] [Server thread/INFO]: banggivealokbang joined the game
[21:08:57] [Server thread/WARN]: Can't keep up! Is the server overloaded? Running 2062ms or 41 ticks behind
[21:10:32] [Server thread/INFO]: Villager class_1646['Villager'/52850, l='ServerLevel[world]', x=-191.12, y=101.16, z=8749.85] died, message: 'Villager was squished too much'
[21:11:15] [Server thread/INFO]: Villager class_1646['Villager'/52853, l='ServerLevel[world]', x=-191.11, y=101.23, z=8749.89] died, message: 'Villager was squished too much'
[21:12:46] [Server thread/INFO]: Villager class_1646['Villager'/52862, l='ServerLevel[world]', x=-191.12, y=101.04, z=8749.72] died, message: 'Villager was squished too much'
[21:16:09] [Server thread/WARN]: Can't keep up! Is the server overloaded? Running 2268ms or 45 ticks behind
[21:33:13] [Server thread/INFO]: DarkeryTheWawa lost connection: Disconnected
[21:33:13] [Server thread/INFO]: DarkeryTheWawa left the game
[21:33:21] [Server thread/INFO]: DarkeryTheWawa[/127.0.0.1:60392] logged in with entity id 67326 at (4027.699999988079, -43.0, 8085.044622855637)
[21:33:21] [Server thread/INFO]: DarkeryTheWawa joined the game
[21:47:56] [Server thread/INFO]: DarkeryTheWawa drowned
[21:48:07] [Server thread/INFO]: <FlimFlamSlammer> ertrank
[21:48:13] [Server thread/INFO]: * FlimFlamSlammer ertrank
[21:55:34] [Server thread/INFO]: DarkeryTheWawa fell from a high place
[21:57:27] [Server thread/INFO]: <FlimFlamSlammer> gbgiyeyuifteriygbedrigbedtgvhb
[22:06:40] [Server thread/INFO]: DarkeryTheWawa drowned
[22:19:56] [Server thread/INFO]: FlimFlamSlammer was shot by Pillager
[22:23:21] [Server thread/INFO]: FlimFlamSlammer was shot by Pillager
[22:24:29] [Server thread/INFO]: DarkeryTheWawa lost connection: Disconnected
[22:24:29] [Server thread/INFO]: DarkeryTheWawa left the game
[22:24:35] [Server thread/INFO]: DarkeryTheWawa[/127.0.0.1:59482] logged in with entity id 96312 at (3930.1630334618912, -41.0, 8121.307649423031)
[22:24:35] [Server thread/INFO]: DarkeryTheWawa joined the game
[22:25:58] [Server thread/INFO]: DarkeryTheWawa has made the advancement [Diamonds!]
[22:26:24] [Server thread/INFO]: FlimFlamSlammer was shot by Pillager
[22:26:43] [Server thread/INFO]: FlimFlamSlammer was shot by Pillager
[22:26:56] [Server thread/INFO]: FlimFlamSlammer walked into fire while fighting Pillager
[22:27:12] [Server thread/INFO]: FlimFlamSlammer was shot by Pillager
[22:29:27] [Server thread/INFO]: FlimFlamSlammer was burned to a crisp while fighting Pillager
[22:29:35] [Server thread/INFO]: FlimFlamSlammer was shot by Pillager
[22:30:07] [Server thread/INFO]: FlimFlamSlammer burned to death
[22:30:29] [Server thread/INFO]: banggivealokbang has made the advancement [Voluntary Exile]
[22:33:32] [Server thread/WARN]: Mismatch in destroy block pos: class_2338{x=3424, y=64, z=7809} class_2338{x=3425, y=62, z=7808}
[22:35:48] [Server thread/INFO]: banggivealokbang lost connection: Disconnected
[22:35:48] [Server thread/INFO]: banggivealokbang left the game
[22:35:50] [Server thread/INFO]: banggivealokbang[/127.0.0.1:50382] logged in with entity id 109321 at (3005.0624022631955, 75.0, 7749.891257810327)
[22:35:50] [Server thread/INFO]: banggivealokbang joined the game
[22:36:07] [Server thread/INFO]: FlimFlamSlammer lost connection: Disconnected
[22:36:07] [Server thread/INFO]: FlimFlamSlammer left the game
[22:36:08] [Server thread/INFO]: banggivealokbang lost connection: Disconnected
[22:36:08] [Server thread/INFO]: banggivealokbang left the game
[22:36:10] [Server thread/INFO]: banggivealokbang[/127.0.0.1:49638] logged in with entity id 110227 at (2923.1710498402804, 70.0, 7737.60081256801)
[22:36:10] [Server thread/INFO]: banggivealokbang joined the game
[22:36:12] [Server thread/INFO]: FlimFlamSlammer[/127.0.0.1:33714] logged in with entity id 110680 at (3917.000338089119, 99.0, 8143.64804300676)
[22:36:12] [Server thread/INFO]: FlimFlamSlammer joined the game
[22:47:21] [Server thread/INFO]: DarkeryTheWawa lost connection: Disconnected
[22:47:21] [Server thread/INFO]: DarkeryTheWawa left the game
[22:47:22] [Server thread/INFO]: banggivealokbang lost connection: Disconnected
[22:47:22] [Server thread/INFO]: banggivealokbang left the game
[22:47:26] [Server thread/INFO]: banggivealokbang[/127.0.0.1:33818] logged in with entity id 115916 at (2814.6635577534157, 67.0, 7726.068197194526)
[22:47:26] [Server thread/INFO]: banggivealokbang joined the game
[22:47:31] [Server thread/INFO]: DarkeryTheWawa[/127.0.0.1:33824] logged in with entity id 116417 at (3965.4323226197703, 52.0, 8352.181284576161)
[22:47:31] [Server thread/INFO]: DarkeryTheWawa joined the game
[22:58:14] [Server thread/INFO]: FlimFlamSlammer lost connection: Disconnected
[22:58:14] [Server thread/INFO]: FlimFlamSlammer left the game
[22:58:15] [Server thread/INFO]: FlimFlamSlammer[/127.0.0.1:36798] logged in with entity id 121962 at (3965.5, 51.5875, 8333.002575632681)
[22:58:15] [Server thread/INFO]: FlimFlamSlammer joined the game
[22:58:24] [Server thread/INFO]: FlimFlamSlammer lost connection: Disconnected
[22:58:24] [Server thread/INFO]: FlimFlamSlammer left the game
[22:58:26] [Server thread/INFO]: FlimFlamSlammer[/127.0.0.1:42220] logged in with entity id 121994 at (3965.471319808345, 52.0, 8347.526211265429)
[22:58:26] [Server thread/INFO]: FlimFlamSlammer joined the game
[23:03:10] [Server thread/WARN]: DarkeryTheWawa moved too quickly! 7.185437644255217,-4.578400001525878,-5.327952235254088
[23:15:34] [Server thread/INFO]: banggivealokbang has made the advancement [Country Lode, Take Me Home]
[23:18:22] [Server thread/INFO]: FlimFlamSlammer has made the advancement [Tactical Fishing]
[23:30:53] [Server thread/INFO]: DarkeryTheWawa lost connection: Disconnected
[23:30:53] [Server thread/INFO]: DarkeryTheWawa left the game
[23:30:55] [Server thread/INFO]: FlimFlamSlammer lost connection: Disconnected
[23:30:55] [Server thread/INFO]: FlimFlamSlammer left the game
[23:31:10] [Server thread/INFO]: banggivealokbang lost connection: Disconnected
[23:31:10] [Server thread/INFO]: banggivealokbang left the game
[23:31:12] [Server thread/INFO]: Stopping the server
[23:31:12] [Server thread/INFO]: Stopping server
[23:31:12] [Server thread/INFO]: Saving players
[23:31:12] [Server thread/INFO]: Saving worlds
[23:31:12] [Server thread/INFO]: ServerLevel[world]/minecraft:overworld: waiting for 841 chunks to unload
[23:31:12] [Server thread/INFO]: Saving chunks for level 'ServerLevel[world]'/minecraft:overworld
[23:31:12] [Server thread/INFO]: Saving chunks for level 'ServerLevel[world]'/minecraft:the_nether
[23:31:12] [Server thread/INFO]: Saving chunks for level 'ServerLevel[world]'/minecraft:the_end
[23:31:12] [Server thread/INFO]: ThreadedAnvilChunkStorage (world): All chunks are saved
[23:31:12] [Server thread/INFO]: ThreadedAnvilChunkStorage (DIM-1): All chunks are saved
[23:31:12] [Server thread/INFO]: ThreadedAnvilChunkStorage (DIM1): All chunks are saved
[23:31:12] [Server thread/INFO]: ThreadedAnvilChunkStorage: All dimensions are saved
[23:31:13] [C2ME Storage #3/INFO]: Storage thread Thread[#96,C2ME Storage #3,8,main] stopped
[23:31:13] [C2ME Storage #2/INFO]: Storage thread Thread[#95,C2ME Storage #2,8,main] stopped
[23:31:13] [C2ME Storage #1/INFO]: Storage thread Thread[#94,C2ME Storage #1,8,main] stopped
[23:31:13] [C2ME Storage #6/INFO]: Storage thread Thread[#101,C2ME Storage #6,8,main] stopped
[23:31:13] [C2ME Storage #5/INFO]: Storage thread Thread[#100,C2ME Storage #5,8,main] stopped
[23:31:13] [C2ME Storage #4/INFO]: Storage thread Thread[#99,C2ME Storage #4,8,main] stopped
[23:31:13] [C2ME Storage #8/INFO]: Storage thread Thread[#104,C2ME Storage #8,8,main] stopped
[23:31:13] [C2ME Storage #7/INFO]: Storage thread Thread[#103,C2ME Storage #7,8,main] stopped
[23:31:13] [C2ME Storage #9/INFO]: Storage thread Thread[#105,C2ME Storage #9,8,main] stopped
